{"name": "test_search_for_an_invalid_product", "status": "failed", "statusDetails": {"message": "AssertionError: assert False\n +  where False = <method-wrapper '__eq__' of str object at 0x00000249350E34B0>('There is no product that matches the search criteria ABC.')\n +    where <method-wrapper '__eq__' of str object at 0x00000249350E34B0> = 'There is no product that matches the search criteria.'.__eq__\n +      where 'There is no product that matches the search criteria.' = retrieve_no_product_message()\n +        where retrieve_no_product_message = <pages.SearchPage.SearchPage object at 0x0000024934C1FC50>.retrieve_no_product_message", "trace": "self = <tests.test_Search.TestSearch object at 0x0000024934CA1310>\n\n    def test_search_for_an_invalid_product(self):\n      homePage = HomePage(self.driver)\n      search_page=homePage.search_for_a_product(\"Honda\")\n      expected_text=\"There is no product that matches the search criteria ABC.\"\n>     assert search_page.retrieve_no_product_message().__eq__(expected_text)\nE     AssertionError: assert False\nE      +  where False = <method-wrapper '__eq__' of str object at 0x00000249350E34B0>('There is no product that matches the search criteria ABC.')\nE      +    where <method-wrapper '__eq__' of str object at 0x00000249350E34B0> = 'There is no product that matches the search criteria.'.__eq__\nE      +      where 'There is no product that matches the search criteria.' = retrieve_no_product_message()\nE      +        where retrieve_no_product_message = <pages.SearchPage.SearchPage object at 0x0000024934C1FC50>.retrieve_no_product_message\n\ntests\\test_Search.py:25: AssertionError"}, "start": 1743574900211, "stop": 1743574901300, "uuid": "7940bc2d-b5d9-4c93-9bbe-c090fa562268", "historyId": "b7de9accb69ac7537b8295e155f1569f", "testCaseId": "b7de9accb69ac7537b8295e155f1569f", "fullName": "tests.test_Search.TestSearch#test_search_for_an_invalid_product", "labels": [{"name": "tag", "value": "@pytest.mark.usefixtures('setup_and_teardown', 'log_on_failure')"}, {"name": "parentSuite", "value": "tests"}, {"name": "suite", "value": "test_Search"}, {"name": "subSuite", "value": "TestSearch"}, {"name": "host", "value": "DESKTOP-ERG7K6I"}, {"name": "thread", "value": "19664-MainThread"}, {"name": "framework", "value": "pytest"}, {"name": "language", "value": "cpython3"}, {"name": "package", "value": "tests.test_Search"}]}